<?xml version="1.0" encoding="UTF-8"?>
<!-- Generated by org.testng.reporters.JUnitXMLReporter -->
<testsuite ignored="0" hostname="ADMIN-PC" failures="0" tests="3" name="Default test" time="6.854" errors="0" timestamp="2023-05-18T13:01:26 IST">
  <testcase classname="apiStartPoints.UserTestClass" name="getUserData" time="4.906"/>
  <testcase classname="apiStartPoints.UserTestClass" name="getUserDetailsById" time="0.312"/>
  <testcase classname="apiStartPoints.UserTestClass" name="updateUser" time="1.525"/>
</testsuite> <!-- Default test -->
